<?xml version="1.0" encoding="UTF-8"?>
<!-- Generated by org.testng.reporters.JUnitReportReporter -->
<testsuite hostname="INFAR50581" name="browsertest" tests="1" failures="0" timestamp="24 Aug 2016 11:55:44 GMT" time="18.924" errors="0">
  <testcase name="f" time="18.924" classname="browsertest"/>
</testsuite> <!-- browsertest -->
