<?xml version="1.0" encoding="UTF-8"?>
<!-- Generated by org.testng.reporters.JUnitReportReporter -->
<testsuite hostname="INFAR50581" name="TestNG.NewTest" tests="1" failures="0" timestamp="19 Aug 2016 07:02:36 GMT" time="10.685" errors="0">
  <testcase name="f" time="10.685" classname="TestNG.NewTest"/>
</testsuite> <!-- TestNG.NewTest -->
