<?xml version="1.0" encoding="UTF-8"?>
<!-- Generated by org.testng.reporters.JUnitReportReporter -->
<testsuite hostname="INFAR50581" name="test1" tests="1" failures="0" timestamp="23 Aug 2016 05:49:55 GMT" time="16.206" errors="0">
  <testcase name="test1" time="16.206" classname="test1"/>
</testsuite> <!-- test1 -->
